<<<<<<< HEAD
[debug] [2020-10-03T19:14:32.740Z] ----------------------------------------------------------------------
[debug] [2020-10-03T19:14:32.742Z] Command:       /Users/jason/.nvm/versions/node/v10.16.1/bin/node /Users/jason/.nvm/versions/node/v10.16.1/bin/firebase functions:shell
[debug] [2020-10-03T19:14:32.742Z] CLI Version:   8.10.0
[debug] [2020-10-03T19:14:32.742Z] Platform:      darwin
[debug] [2020-10-03T19:14:32.743Z] Node Version:  v10.16.1
[debug] [2020-10-03T19:14:32.744Z] Time:          Sat Oct 03 2020 15:14:32 GMT-0400 (Eastern Daylight Time)
[debug] [2020-10-03T19:14:32.744Z] ----------------------------------------------------------------------
[debug] [2020-10-03T19:14:32.744Z] 
[debug] [2020-10-03T19:14:32.753Z] > command requires scopes: ["email","openid","https://www.googleapis.com/auth/cloudplatformprojects.readonly","https://www.googleapis.com/auth/firebase","https://www.googleapis.com/auth/cloud-platform"]
[debug] [2020-10-03T19:14:32.753Z] > authorizing via signed-in user
[debug] [2020-10-03T19:14:32.754Z] [iam] checking project clone-a6f70 for permissions ["firebase.projects.get"]
[debug] [2020-10-03T19:14:32.756Z] >>> HTTP REQUEST POST https://cloudresourcemanager.googleapis.com/v1/projects/clone-a6f70:testIamPermissions  
 {"permissions":["firebase.projects.get"]}
[debug] [2020-10-03T19:14:33.047Z] <<< HTTP RESPONSE 200 {"content-type":"application/json; charset=UTF-8","vary":"X-Origin, Referer, Origin,Accept-Encoding","date":"Sat, 03 Oct 2020 19:14:33 GMT","server":"ESF","cache-control":"private","x-xss-protection":"0","x-frame-options":"SAMEORIGIN","x-content-type-options":"nosniff","server-timing":"gfet4t7; dur=181","alt-svc":"h3-Q050=\":443\"; ma=2592000,h3-29=\":443\"; ma=2592000,h3-27=\":443\"; ma=2592000,h3-T051=\":443\"; ma=2592000,h3-T050=\":443\"; ma=2592000,h3-Q046=\":443\"; ma=2592000,h3-Q043=\":443\"; ma=2592000,quic=\":443\"; ma=2592000; v=\"46,43\"","accept-ranges":"none","transfer-encoding":"chunked"}
[debug] [2020-10-03T19:14:33.062Z] [functions] Using node@10 from host.
[debug] [2020-10-03T19:14:33.063Z] defaultcredentials: writing to file /Users/jason/.config/firebase/jjjunio_gmail_com_application_default_credentials.json
[debug] [2020-10-03T19:14:33.064Z] DEBUG: Setting GAC to /Users/jason/.config/firebase/jjjunio_gmail_com_application_default_credentials.json
[debug] [2020-10-03T19:14:33.072Z] [functions] Watching "/Users/jason/lighthouse/post-bootcamp/amazon-clone/functions" for Cloud Functions...
[debug] [2020-10-03T19:14:33.081Z] DEBUG: [worker-pool] addWorker(~diagnostic~)
[debug] [2020-10-03T19:14:33.081Z] DEBUG: [worker-pool] Adding worker with key ~diagnostic~, total=1
[debug] [2020-10-03T19:14:33.081Z] DEBUG: [worker-pool] submitWork(triggerId=)
[debug] [2020-10-03T19:14:33.081Z] DEBUG: [worker-~diagnostic~-094c30aa-ec55-4d87-af84-4030a65335cc]: Assigning socketPath: /var/folders/_f/qbgx0_ns5l7bhyzq1x143t2c0000gn/T/fire_emu_19748.sock
[debug] [2020-10-03T19:14:33.082Z] DEBUG: [worker-~diagnostic~-094c30aa-ec55-4d87-af84-4030a65335cc]: BUSY
[debug] [2020-10-03T19:14:33.350Z] DEBUG: [runtime-status] [19748] Functions runtime initialized. {"cwd":"/Users/jason/lighthouse/post-bootcamp/amazon-clone/functions","node_version":"10.16.1"}
[debug] [2020-10-03T19:14:33.351Z] DEBUG: [runtime-status] [19748] Disabled runtime features: undefined
[debug] [2020-10-03T19:14:33.353Z] DEBUG: [runtime-status] [19748] Resolved module firebase-admin {"declared":true,"installed":true,"version":"8.13.0","resolution":"/Users/jason/lighthouse/post-bootcamp/amazon-clone/functions/node_modules/firebase-admin/lib/index.js"}
[debug] [2020-10-03T19:14:33.354Z] DEBUG: [runtime-status] [19748] Resolved module firebase-functions {"declared":true,"installed":true,"version":"3.11.0","resolution":"/Users/jason/lighthouse/post-bootcamp/amazon-clone/functions/node_modules/firebase-functions/lib/index.js"}
[debug] [2020-10-03T19:14:33.355Z] DEBUG: [runtime-status] [19748] Resolved module firebase-functions {"declared":true,"installed":true,"version":"3.11.0","resolution":"/Users/jason/lighthouse/post-bootcamp/amazon-clone/functions/node_modules/firebase-functions/lib/index.js"}
[debug] [2020-10-03T19:14:33.358Z] DEBUG: [runtime-status] [19748] Outgoing network have been stubbed. [{"name":"http","status":"mocked"},{"name":"http","status":"mocked"},{"name":"https","status":"mocked"},{"name":"https","status":"mocked"},{"name":"net","status":"mocked"}]
[debug] [2020-10-03T19:14:33.358Z] DEBUG: [runtime-status] [19748] Resolved module firebase-functions {"declared":true,"installed":true,"version":"3.11.0","resolution":"/Users/jason/lighthouse/post-bootcamp/amazon-clone/functions/node_modules/firebase-functions/lib/index.js"}
[debug] [2020-10-03T19:14:33.426Z] DEBUG: [runtime-status] [19748] Checked functions.config() {"config":{}}
[debug] [2020-10-03T19:14:33.427Z] DEBUG: [runtime-status] [19748] firebase-functions has been stubbed. {"functionsResolution":{"declared":true,"installed":true,"version":"3.11.0","resolution":"/Users/jason/lighthouse/post-bootcamp/amazon-clone/functions/node_modules/firebase-functions/lib/index.js"}}
[debug] [2020-10-03T19:14:33.427Z] DEBUG: [runtime-status] [19748] Resolved module firebase-functions {"declared":true,"installed":true,"version":"3.11.0","resolution":"/Users/jason/lighthouse/post-bootcamp/amazon-clone/functions/node_modules/firebase-functions/lib/index.js"}
[debug] [2020-10-03T19:14:33.428Z] DEBUG: [runtime-status] [19748] Resolved module firebase-admin {"declared":true,"installed":true,"version":"8.13.0","resolution":"/Users/jason/lighthouse/post-bootcamp/amazon-clone/functions/node_modules/firebase-admin/lib/index.js"}
[debug] [2020-10-03T19:14:33.428Z] DEBUG: [runtime-status] [19748] Resolved module firebase-functions {"declared":true,"installed":true,"version":"3.11.0","resolution":"/Users/jason/lighthouse/post-bootcamp/amazon-clone/functions/node_modules/firebase-functions/lib/index.js"}
[debug] [2020-10-03T19:14:33.428Z] DEBUG: [runtime-status] [19748] firebase-admin has been stubbed. {"adminResolution":{"declared":true,"installed":true,"version":"8.13.0","resolution":"/Users/jason/lighthouse/post-bootcamp/amazon-clone/functions/node_modules/firebase-admin/lib/index.js"}}
[debug] [2020-10-03T19:14:33.642Z] [functions[api]] http function initialized (http://localhost:5000/clone-a6f70/us-central1/api).
[info] i  functions: Loaded functions: api 
[warn] ⚠  functions: The following emulators are not running, calls to these services will affect production: firestore, database, pubsub 
[debug] [2020-10-03T19:14:33.651Z] DEBUG: [worker-~diagnostic~-094c30aa-ec55-4d87-af84-4030a65335cc]: IDLE
=======
[debug] [2020-10-02T14:19:36.681Z] ----------------------------------------------------------------------
[debug] [2020-10-02T14:19:36.685Z] Command:       /home/solokrew/.nvm/versions/node/v14.9.0/bin/node /home/solokrew/.nvm/versions/node/v14.9.0/bin/firebase functions:shell
[debug] [2020-10-02T14:19:36.685Z] CLI Version:   8.10.0
[debug] [2020-10-02T14:19:36.685Z] Platform:      linux
[debug] [2020-10-02T14:19:36.686Z] Node Version:  v14.9.0
[debug] [2020-10-02T14:19:36.688Z] Time:          Fri Oct 02 2020 10:19:36 GMT-0400 (Eastern Daylight Time)
[debug] [2020-10-02T14:19:36.689Z] ----------------------------------------------------------------------
[debug] [2020-10-02T14:19:36.689Z] 
[debug] [2020-10-02T14:19:36.744Z] > command requires scopes: ["email","openid","https://www.googleapis.com/auth/cloudplatformprojects.readonly","https://www.googleapis.com/auth/firebase","https://www.googleapis.com/auth/cloud-platform"]
[debug] [2020-10-02T14:19:36.745Z] > authorizing via signed-in user
[debug] [2020-10-02T14:19:36.746Z] [iam] checking project clone-a6f70 for permissions ["firebase.projects.get"]
[debug] [2020-10-02T14:19:36.749Z] > refreshing access token with scopes: ["email","https://www.googleapis.com/auth/cloud-platform","https://www.googleapis.com/auth/cloudplatformprojects.readonly","https://www.googleapis.com/auth/firebase","openid"]
[debug] [2020-10-02T14:19:36.750Z] >>> HTTP REQUEST POST https://www.googleapis.com/oauth2/v3/token  
 <request body omitted>
[debug] [2020-10-02T14:19:36.903Z] <<< HTTP RESPONSE 200 {"content-type":"application/json; charset=utf-8","vary":"X-Origin, Referer, Origin,Accept-Encoding","date":"Fri, 02 Oct 2020 14:19:41 GMT","server":"scaffolding on HTTPServer2","cache-control":"private","x-xss-protection":"0","x-frame-options":"SAMEORIGIN","x-content-type-options":"nosniff","alt-svc":"h3-Q050=\":443\"; ma=2592000,h3-29=\":443\"; ma=2592000,h3-27=\":443\"; ma=2592000,h3-T051=\":443\"; ma=2592000,h3-T050=\":443\"; ma=2592000,h3-Q046=\":443\"; ma=2592000,h3-Q043=\":443\"; ma=2592000,quic=\":443\"; ma=2592000; v=\"46,43\"","accept-ranges":"none","transfer-encoding":"chunked"}
[debug] [2020-10-02T14:19:36.914Z] >>> HTTP REQUEST POST https://cloudresourcemanager.googleapis.com/v1/projects/clone-a6f70:testIamPermissions  
 {"permissions":["firebase.projects.get"]}
[debug] [2020-10-02T14:19:37.192Z] <<< HTTP RESPONSE 200 {"content-type":"application/json; charset=UTF-8","vary":"X-Origin, Referer, Origin,Accept-Encoding","date":"Fri, 02 Oct 2020 14:19:41 GMT","server":"ESF","cache-control":"private","x-xss-protection":"0","x-frame-options":"SAMEORIGIN","x-content-type-options":"nosniff","server-timing":"gfet4t7; dur=188","alt-svc":"h3-Q050=\":443\"; ma=2592000,h3-29=\":443\"; ma=2592000,h3-27=\":443\"; ma=2592000,h3-T051=\":443\"; ma=2592000,h3-T050=\":443\"; ma=2592000,h3-Q046=\":443\"; ma=2592000,h3-Q043=\":443\"; ma=2592000,quic=\":443\"; ma=2592000; v=\"46,43\"","accept-ranges":"none","transfer-encoding":"chunked"}
[warn] ⚠  Your requested "node" version "10" doesn't match your global version "14" {"metadata":{"emulator":{"name":"functions"},"message":"Your requested \"node\" version \"10\" doesn't match your global version \"14\""}}
[debug] [2020-10-02T14:19:37.248Z] defaultcredentials: writing to file /home/solokrew/.config/firebase/jjjunio_gmail_com_application_default_credentials.json
[debug] [2020-10-02T14:19:37.250Z] DEBUG: Setting GAC to /home/solokrew/.config/firebase/jjjunio_gmail_com_application_default_credentials.json
[debug] [2020-10-02T14:19:37.266Z] [functions] Watching "/mnt/c/Users/Jason/Programming/react_projects/amazon-clone/functions" for Cloud Functions...
[debug] [2020-10-02T14:19:37.303Z] DEBUG: [worker-pool] addWorker(~diagnostic~)
[debug] [2020-10-02T14:19:37.303Z] DEBUG: [worker-pool] Adding worker with key ~diagnostic~, total=1
[debug] [2020-10-02T14:19:37.303Z] DEBUG: [worker-pool] submitWork(triggerId=)
[debug] [2020-10-02T14:19:37.304Z] DEBUG: [worker-~diagnostic~-5808df7f-2475-4be5-bc3c-b0cd51be0c2e]: Assigning socketPath: /tmp/fire_emu_1163.sock
[debug] [2020-10-02T14:19:37.304Z] DEBUG: [worker-~diagnostic~-5808df7f-2475-4be5-bc3c-b0cd51be0c2e]: BUSY
[debug] [2020-10-02T14:19:37.772Z] DEBUG: [runtime-status] [1163] Functions runtime initialized. {"cwd":"/mnt/c/Users/Jason/Programming/react_projects/amazon-clone/functions","node_version":"14.9.0"}
[debug] [2020-10-02T14:19:37.777Z] DEBUG: [runtime-status] [1163] Disabled runtime features: undefined
[warn] ⚠  The Cloud Functions emulator requires the module "firebase-admin" to be installed. This package is in your package.json, but it's not available. You probably need to run "npm install" in your functions directory. {"metadata":{"emulator":{"name":"functions"},"message":"The Cloud Functions emulator requires the module \"firebase-admin\" to be installed. This package is in your package.json, but it's not available. You probably need to run \"npm install\" in your functions directory."}}
[debug] [2020-10-02T14:19:37.779Z] [functions] Your functions could not be parsed due to an issue with your node_modules (see above)
[debug] [2020-10-02T14:19:37.791Z] DEBUG: [worker-~diagnostic~-5808df7f-2475-4be5-bc3c-b0cd51be0c2e]: exited
[debug] [2020-10-02T14:19:37.791Z] DEBUG: [worker-~diagnostic~-5808df7f-2475-4be5-bc3c-b0cd51be0c2e]: FINISHED
>>>>>>> 43d7f44b7cb1e1cb6e11db48c699ebff8cdb249c
